
> house-of-puppies@0.1.0 build
> next build

Î“Ă»â–“ Next.js 16.1.5 (Turbopack)
- Environments: .env

Î“ĂśĂˇ The "middleware" file convention is deprecated. Please use "proxy" instead. Learn more: https://nextjs.org/docs/messages/middleware-to-proxy
  Creating an optimized production build ...
Î“ÂŁĂ´ Compiled successfully in 8.3s
  Skipping validation of types
  Collecting page data using 7 workers ...
  Generating static pages using 7 workers (0/10) ...
  Generating static pages using 7 workers (2/10) 
  Generating static pages using 7 workers (4/10) 
  Generating static pages using 7 workers (7/10) 
Î“ÂŁĂ´ Generating static pages using 7 workers (10/10) in 491.2ms
  Finalizing page optimization ...

Route (app)
Î“Ă¶Ă® â•žĂ† /
Î“Ă¶ÂŁ Î“ĂąĂŻ /_not-found
Î“Ă¶ÂŁ â•žĂ† /admin
Î“Ă¶ÂŁ â•žĂ† /admin/clients
Î“Ă¶ÂŁ â•žĂ† /admin/employees
Î“Ă¶ÂŁ â•žĂ† /admin/pets
Î“Ă¶ÂŁ â•žĂ† /admin/records
Î“Ă¶ÂŁ â•žĂ† /api/auth/[...nextauth]
Î“Ă¶ÂŁ â•žĂ† /api/pets
Î“Ă¶ÂŁ â•žĂ† /api/pets/[id]
Î“Ă¶ÂŁ â•žĂ† /api/public/status/[petId]
Î“Ă¶ÂŁ â•žĂ† /api/records/status
Î“Ă¶ÂŁ Î“ĂąĂŻ /employee
Î“Ă¶ÂŁ â•žĂ† /inventory
Î“Ă¶ÂŁ Î“ĂąĂŻ /login
Î“Ă¶ÂŁ Î“ĂąĂŻ /login/forgot-password
Î“Ă¶ÂŁ â•žĂ† /patient/[id]
Î“Ă¶ÂŁ Î“ĂąĂŻ /reminders
Î“Ă¶ÂŁ â•žĂ† /reports
Î“Ă¶ÂŁ â•žĂ† /veterinary
Î“Ă¶Ă¶ â•žĂ† /veterinary/prescribe/[id]


â•žĂ† Proxy (Middleware)

Î“ĂąĂŻ  (Static)   prerendered as static content
â•žĂ†  (Dynamic)  server-rendered on demand

